Build started 2/24/2016 3:36:50 PM.
     1>Project "U:\Documents\Visual Studio 2010\Projects\simpleCompilier\simpleCompilier\simpleCompilier.vcxproj" on node 2 (build target(s)).
     1>InitializeBuildStatus:
         Creating "Debug\simpleCompilier.unsuccessfulbuild" because "AlwaysCreate" was specified.
       ClCompile:
         c:\Program Files (x86)\Microsoft Visual Studio 10.0\VC\bin\CL.exe /c /ZI /nologo /W3 /WX- /Od /Oy- /D _MBCS /Gm /EHsc /RTC1 /MDd /GS /fp:precise /Zc:wchar_t /Zc:forScope /Fo"Debug\\" /Fd"Debug\vc100.pdb" /Gd /TP /analyze- /errorReport:prompt Scanner.cpp Symbol.cpp
         Symbol.cpp
     1>c:\program files (x86)\microsoft visual studio 10.0\vc\include\iostream(10): error C2143: syntax error : missing ';' before 'namespace'
         Scanner.cpp
     1>u:\documents\visual studio 2010\projects\simplecompilier\simplecompilier\debug.h(6): warning C4067: unexpected tokens following preprocessor directive - expected a newline
         Generating Code...
     1>Done Building Project "U:\Documents\Visual Studio 2010\Projects\simpleCompilier\simpleCompilier\simpleCompilier.vcxproj" (build target(s)) -- FAILED.

Build FAILED.

Time Elapsed 00:00:01.64
